<?xml version="1.0" encoding="UTF-8"?>
<!-- Generated by org.testng.reporters.JUnitReportReporter -->
<testsuite hostname="NJ30101057-PC" name="net.bill99.httpClient.HttpClientDemo1" tests="1" failures="0" timestamp="6 Nov 2018 11:29:41 GMT" time="3.383" errors="0">
  <testcase name="test2" time="3.383" classname="net.bill99.httpClient.HttpClientDemo1"/>
</testsuite> <!-- net.bill99.httpClient.HttpClientDemo1 -->
