<?xml version="1.0" encoding="UTF-8"?>
<!-- Generated by org.testng.reporters.JUnitReportReporter -->
<testsuite hostname="NJ30101057-PC" name="net.bill99.https.HttpClientUtil" tests="1" failures="0" timestamp="6 Nov 2018 11:32:50 GMT" time="0.531" errors="0">
  <testcase name="test2" time="0.531" classname="net.bill99.https.HttpClientUtil"/>
</testsuite> <!-- net.bill99.https.HttpClientUtil -->
